<?xml version="1.0" encoding="UTF-8"?>
<testsuite name="powerPackage.powerTest" tests="4" skipped="0" failures="0" errors="0" timestamp="2023-12-17T13:44:33" hostname="DESKTOP-6DGE312" time="0.013">
  <properties/>
  <testcase name="oneRaisedToOneIsOne" classname="powerPackage.powerTest" time="0.01"/>
  <testcase name="twoPower1Is2" classname="powerPackage.powerTest" time="0.0"/>
  <testcase name="twoPower2Is4" classname="powerPackage.powerTest" time="0.0"/>
  <testcase name="threePower2Is9" classname="powerPackage.powerTest" time="0.0"/>
  <system-out><![CDATA[1
2
4
9
]]></system-out>
  <system-err><![CDATA[]]></system-err>
</testsuite>
